#
# There is insufficient memory for the Java Runtime Environment to continue.
# Native memory allocation (mmap) failed to map 19922944 bytes. Error detail: G1 virtual space
# Possible reasons:
#   The system is out of physical RAM or swap space
#   This process is running with CompressedOops enabled, and the Java Heap may be blocking the growth of the native heap
# Possible solutions:
#   Reduce memory load on the system
#   Increase physical memory or swap space
#   Check if swap backing store is full
#   Decrease Java heap size (-Xmx/-Xms)
#   Decrease number of Java threads
#   Decrease Java thread stack sizes (-Xss)
#   Set larger code cache with -XX:ReservedCodeCacheSize=
#   JVM is running with Unscaled Compressed Oops mode in which the Java heap is
#     placed in the first 4GB address space. The Java Heap base address is the
#     maximum limit for the native heap growth. Please use -XX:HeapBaseMinAddress
#     to set the Java Heap base and to place the Java Heap above 4GB virtual address.
# This output file may be truncated or incomplete.
#
#  Out of Memory Error (os_windows.cpp:3618), pid=26480, tid=19136
#
# JRE version: OpenJDK Runtime Environment Temurin-17.0.18+8 (17.0.18+8) (build 17.0.18+8)
# Java VM: OpenJDK 64-Bit Server VM Temurin-17.0.18+8 (17.0.18+8, mixed mode, emulated-client, sharing, tiered, compressed oops, compressed class ptrs, g1 gc, windows-amd64)
# No core dump will be written. Minidumps are not enabled by default on client versions of Windows
#

---------------  S U M M A R Y ------------

Command Line: -XX:TieredStopAtLevel=1 -Dspring.output.ansi.enabled=always -Dcom.sun.management.jmxremote -Dspring.jmx.enabled=true -Dspring.liveBeansView.mbeanDomain -Dspring.application.admin.enabled=true -Dmanagement.endpoints.jmx.exposure.include=* -javaagent:C:\Program Files\JetBrains\IntelliJ IDEA 2025.3.2\lib\idea_rt.jar=53358 -Dfile.encoding=UTF-8 com.smartsure.policy_service.PolicyServiceApplication

Host: AMD Ryzen 5 5600H with Radeon Graphics         , 12 cores, 7G,  Windows 11 , 64 bit Build 26100 (10.0.26100.7920)
Time: Sat Mar 28 10:33:34 2026 India Standard Time elapsed time: 22.769237 seconds (0d 0h 0m 22s)

---------------  T H R E A D  ---------------

Current thread (0x000001c5ffa61980):  VMThread "VM Thread" [stack: 0x0000001d93b00000,0x0000001d93c00000] [id=19136]

Stack: [0x0000001d93b00000,0x0000001d93c00000]
Native frames: (J=compiled Java code, j=interpreted, Vv=VM code, C=native code)
V  [jvm.dll+0x6846f9]
V  [jvm.dll+0x839ea5]
V  [jvm.dll+0x83b91e]
V  [jvm.dll+0x83bfa3]
V  [jvm.dll+0x248eff]
V  [jvm.dll+0x6814b9]
V  [jvm.dll+0x6762ba]
V  [jvm.dll+0x309257]
V  [jvm.dll+0x310826]
V  [jvm.dll+0x360d9e]
V  [jvm.dll+0x360fdd]
V  [jvm.dll+0x2e02dc]
V  [jvm.dll+0x2de6b2]
V  [jvm.dll+0x2dde4c]
V  [jvm.dll+0x320aeb]
V  [jvm.dll+0x8407bd]
V  [jvm.dll+0x8414f3]
V  [jvm.dll+0x841a1f]
V  [jvm.dll+0x841e05]
V  [jvm.dll+0x841ece]
V  [jvm.dll+0x7eaaec]
V  [jvm.dll+0x6835c7]
C  [ucrtbase.dll+0x37b0]
C  [KERNEL32.DLL+0x2e8d7]
C  [ntdll.dll+0x8c48c]

VM_Operation (0x0000001d935f7cb0): G1CollectForAllocation, mode: safepoint, requested by thread 0x000001c5fafc7cb0


---------------  P R O C E S S  ---------------

Threads class SMR info:
_java_thread_list=0x000001c5d5e01260, length=25, elements={
0x000001c5fafc7cb0, 0x000001c5ffa66930, 0x000001c5ffa67e60, 0x000001c5ffa798c0,
0x000001c5ffa7a280, 0x000001c5ffa7e7d0, 0x000001c5ffa7fd00, 0x000001c5ffa832f0,
0x000001c5ffa86870, 0x000001c5ffa53830, 0x000001c5d34b6400, 0x000001c5d34b88f0,
0x000001c5d3632020, 0x000001c5d39f98b0, 0x000001c5d3a52ae0, 0x000001c5d3baf550,
0x000001c5d3baff70, 0x000001c5d3bb0480, 0x000001c5d3baf040, 0x000001c5d3bafa60,
0x000001c5d52d4560, 0x000001c5d52d4050, 0x000001c5d52d68d0, 0x000001c5ffa53ee0,
0x000001c5d55dc850
}

Java Threads: ( => current thread )
  0x000001c5fafc7cb0 JavaThread "main" [_thread_blocked, id=18560, stack(0x0000001d93500000,0x0000001d93600000)]
  0x000001c5ffa66930 JavaThread "Reference Handler" daemon [_thread_blocked, id=34712, stack(0x0000001d93c00000,0x0000001d93d00000)]
  0x000001c5ffa67e60 JavaThread "Finalizer" daemon [_thread_blocked, id=29500, stack(0x0000001d93d00000,0x0000001d93e00000)]
  0x000001c5ffa798c0 JavaThread "Signal Dispatcher" daemon [_thread_blocked, id=39396, stack(0x0000001d93e00000,0x0000001d93f00000)]
  0x000001c5ffa7a280 JavaThread "Attach Listener" daemon [_thread_blocked, id=32652, stack(0x0000001d93f00000,0x0000001d94000000)]
  0x000001c5ffa7e7d0 JavaThread "Service Thread" daemon [_thread_blocked, id=29316, stack(0x0000001d94000000,0x0000001d94100000)]
  0x000001c5ffa7fd00 JavaThread "Monitor Deflation Thread" daemon [_thread_blocked, id=32988, stack(0x0000001d94100000,0x0000001d94200000)]
  0x000001c5ffa832f0 JavaThread "C1 CompilerThread0" daemon [_thread_blocked, id=12456, stack(0x0000001d94200000,0x0000001d94300000)]
  0x000001c5ffa86870 JavaThread "Sweeper thread" daemon [_thread_blocked, id=15436, stack(0x0000001d94300000,0x0000001d94400000)]
  0x000001c5ffa53830 JavaThread "Common-Cleaner" daemon [_thread_blocked, id=23296, stack(0x0000001d94400000,0x0000001d94500000)]
  0x000001c5d34b6400 JavaThread "Monitor Ctrl-Break" daemon [_thread_in_native, id=7464, stack(0x0000001d94700000,0x0000001d94800000)]
  0x000001c5d34b88f0 JavaThread "Notification Thread" daemon [_thread_blocked, id=19436, stack(0x0000001d94800000,0x0000001d94900000)]
  0x000001c5d3632020 JavaThread "RMI TCP Accept-0" daemon [_thread_in_native, id=29596, stack(0x0000001d94900000,0x0000001d94a00000)]
  0x000001c5d39f98b0 JavaThread "RMI TCP Connection(2)-172.21.232.46" daemon [_thread_in_native, id=39576, stack(0x0000001d95200000,0x0000001d95300000)]
  0x000001c5d3a52ae0 JavaThread "RMI Scheduler(0)" daemon [_thread_blocked, id=27536, stack(0x0000001d95300000,0x0000001d95400000)]
  0x000001c5d3baf550 JavaThread "Catalina-utility-1" [_thread_blocked, id=8812, stack(0x0000001d95800000,0x0000001d95900000)]
  0x000001c5d3baff70 JavaThread "Catalina-utility-2" [_thread_blocked, id=26512, stack(0x0000001d95b00000,0x0000001d95c00000)]
  0x000001c5d3bb0480 JavaThread "container-0" [_thread_blocked, id=35212, stack(0x0000001d95c00000,0x0000001d95d00000)]
  0x000001c5d3baf040 JavaThread "lettuce-timer-3-1" daemon [_thread_blocked, id=6448, stack(0x0000001d95d00000,0x0000001d95e00000)]
  0x000001c5d3bafa60 JavaThread "mysql-cj-abandoned-connection-cleanup" daemon [_thread_blocked, id=23044, stack(0x0000001d95e00000,0x0000001d95f00000)]
  0x000001c5d52d4560 JavaThread "HikariPool-1 housekeeper" daemon [_thread_blocked, id=33032, stack(0x0000001d96100000,0x0000001d96200000)]
  0x000001c5d52d4050 JavaThread "RMI TCP Connection(3)-172.21.232.46" daemon [_thread_in_native, id=2464, stack(0x0000001d96300000,0x0000001d96400000)]
  0x000001c5d52d68d0 JavaThread "spring.cloud.inetutils" daemon [_thread_blocked, id=21328, stack(0x0000001d95700000,0x0000001d95800000)]
  0x000001c5ffa53ee0 JavaThread "C1 CompilerThread1" daemon [_thread_blocked, id=23580, stack(0x0000001d94500000,0x0000001d94600000)]
  0x000001c5d55dc850 JavaThread "C1 CompilerThread2" daemon [_thread_blocked, id=40216, stack(0x0000001d94600000,0x0000001d94700000)]

Other Threads:
=>0x000001c5ffa61980 VMThread "VM Thread" [stack: 0x0000001d93b00000,0x0000001d93c00000] [id=19136]
  0x000001c5d35b83a0 WatcherThread [stack: 0x0000001d94a00000,0x0000001d94b00000] [id=39200]
  0x000001c5fb022430 GCTaskThread "GC Thread#0" [stack: 0x0000001d93600000,0x0000001d93700000] [id=40024]
  0x000001c5d3903bf0 GCTaskThread "GC Thread#1" [stack: 0x0000001d94b00000,0x0000001d94c00000] [id=40404]
  0x000001c5d394b8a0 GCTaskThread "GC Thread#2" [stack: 0x0000001d94c00000,0x0000001d94d00000] [id=38968]
  0x000001c5d394fb70 GCTaskThread "GC Thread#3" [stack: 0x0000001d94d00000,0x0000001d94e00000] [id=5404]
  0x000001c5d394fe30 GCTaskThread "GC Thread#4" [stack: 0x0000001d94e00000,0x0000001d94f00000] [id=14576]
  0x000001c5d3950910 GCTaskThread "GC Thread#5" [stack: 0x0000001d94f00000,0x0000001d95000000] [id=25632]
  0x000001c5d3950fe0 GCTaskThread "GC Thread#6" [stack: 0x0000001d95000000,0x0000001d95100000] [id=416]
  0x000001c5d3b96800 GCTaskThread "GC Thread#7" [stack: 0x0000001d95400000,0x0000001d95500000] [id=16700]
  0x000001c5d3b846d0 GCTaskThread "GC Thread#8" [stack: 0x0000001d95500000,0x0000001d95600000] [id=34580]
  0x000001c5d3b84990 GCTaskThread "GC Thread#9" [stack: 0x0000001d95600000,0x0000001d95700000] [id=34964]
  0x000001c5fb032b90 ConcurrentGCThread "G1 Main Marker" [stack: 0x0000001d93700000,0x0000001d93800000] [id=14748]
  0x000001c5fb033d50 ConcurrentGCThread "G1 Conc#0" [stack: 0x0000001d93800000,0x0000001d93900000] [id=27120]
  0x000001c5d40be930 ConcurrentGCThread "G1 Conc#1" [stack: 0x0000001d95900000,0x0000001d95a00000] [id=31172]
  0x000001c5d40b35d0 ConcurrentGCThread "G1 Conc#2" [stack: 0x0000001d95a00000,0x0000001d95b00000] [id=36536]
  0x000001c5ff919490 ConcurrentGCThread "G1 Refine#0" [stack: 0x0000001d93900000,0x0000001d93a00000] [id=18620]
  0x000001c58d899630 ConcurrentGCThread "G1 Refine#1" [stack: 0x0000001d95100000,0x0000001d95200000] [id=17056]
  0x000001c5ff91bdd0 ConcurrentGCThread "G1 Service" [stack: 0x0000001d93a00000,0x0000001d93b00000] [id=40056]

Threads with active compile tasks:

VM state: at safepoint (normal execution)

VM Mutex/Monitor currently owned by a thread:  ([mutex/lock_event])
[0x000001c5fafc1b70] Threads_lock - owner thread: 0x000001c5ffa61980
[0x000001c5fafc2bc0] Heap_lock - owner thread: 0x000001c5fafc7cb0

Heap address: 0x000000008a600000, size: 1882 MB, Compressed Oops mode: 32-bit

CDS archive(s) mapped at: [0x000001c58e000000-0x000001c58ebb0000-0x000001c58ebb0000), size 12255232, SharedBaseAddress: 0x000001c58e000000, ArchiveRelocationMode: 1.
Compressed class space mapped at: 0x000001c58f000000-0x000001c5cf000000, reserved size: 1073741824
Narrow klass base: 0x000001c58e000000, Narrow klass shift: 0, Narrow klass range: 0x100000000

GC Precious Log:
 CPUs: 12 total, 12 available
 Memory: 7521M
 Large Page Support: Disabled
 NUMA Support: Disabled
 Compressed Oops: Enabled (32-bit)
 Heap Region Size: 1M
 Heap Min Capacity: 8M
 Heap Initial Capacity: 118M
 Heap Max Capacity: 1882M
 Pre-touch: Disabled
 Parallel Workers: 10
 Concurrent Workers: 3
 Concurrent Refinement Workers: 10
 Periodic GC: Disabled

Heap:
 garbage-first heap   total 101376K, used 58977K [0x000000008a600000, 0x0000000100000000)
  region size 1024K, 2 young (2048K), 2 survivors (2048K)
 Metaspace       used 88299K, committed 88896K, reserved 1179648K
  class space    used 12830K, committed 13120K, reserved 1048576K

Heap Regions: E=young(eden), S=young(survivor), O=old, HS=humongous(starts), HC=humongous(continues), CS=collection set, F=free, OA=open archive, CA=closed archive, TAMS=top-at-mark-start (previous, next)
|   0|0x000000008a600000, 0x000000008a700000, 0x000000008a700000|100%|HS|  |TAMS 0x000000008a700000, 0x000000008a700000| Complete 
|   1|0x000000008a700000, 0x000000008a800000, 0x000000008a800000|100%|HS|  |TAMS 0x000000008a800000, 0x000000008a800000| Complete 
|   2|0x000000008a800000, 0x000000008a900000, 0x000000008a900000|100%| O|  |TAMS 0x000000008a900000, 0x000000008a900000| Untracked 
|   3|0x000000008a900000, 0x000000008aa00000, 0x000000008aa00000|100%| O|  |TAMS 0x000000008aa00000, 0x000000008aa00000| Untracked 
|   4|0x000000008aa00000, 0x000000008ab00000, 0x000000008ab00000|100%| O|  |TAMS 0x000000008ab00000, 0x000000008ab00000| Untracked 
|   5|0x000000008ab00000, 0x000000008ac00000, 0x000000008ac00000|100%| O|  |TAMS 0x000000008ac00000, 0x000000008ac00000| Untracked 
|   6|0x000000008ac00000, 0x000000008ad00000, 0x000000008ad00000|100%| O|  |TAMS 0x000000008ad00000, 0x000000008ad00000| Untracked 
|   7|0x000000008ad00000, 0x000000008ae00000, 0x000000008ae00000|100%| O|  |TAMS 0x000000008ae00000, 0x000000008ae00000| Untracked 
|   8|0x000000008ae00000, 0x000000008af00000, 0x000000008af00000|100%| O|  |TAMS 0x000000008af00000, 0x000000008af00000| Untracked 
|   9|0x000000008af00000, 0x000000008b000000, 0x000000008b000000|100%| O|  |TAMS 0x000000008b000000, 0x000000008b000000| Untracked 
|  10|0x000000008b000000, 0x000000008b100000, 0x000000008b100000|100%| O|  |TAMS 0x000000008b100000, 0x000000008b100000| Untracked 
|  11|0x000000008b100000, 0x000000008b1c5400, 0x000000008b200000| 77%| O|  |TAMS 0x000000008b1c5400, 0x000000008b1c5400| Untracked 
|  12|0x000000008b200000, 0x000000008b300000, 0x000000008b300000|100%| O|  |TAMS 0x000000008b300000, 0x000000008b300000| Untracked 
|  13|0x000000008b300000, 0x000000008b400000, 0x000000008b400000|100%| O|  |TAMS 0x000000008b400000, 0x000000008b400000| Untracked 
|  14|0x000000008b400000, 0x000000008b500000, 0x000000008b500000|100%| O|  |TAMS 0x000000008b500000, 0x000000008b500000| Untracked 
|  15|0x000000008b500000, 0x000000008b600000, 0x000000008b600000|100%| O|  |TAMS 0x000000008b600000, 0x000000008b600000| Untracked 
|  16|0x000000008b600000, 0x000000008b700000, 0x000000008b700000|100%| O|  |TAMS 0x000000008b700000, 0x000000008b700000| Untracked 
|  17|0x000000008b700000, 0x000000008b800000, 0x000000008b800000|100%| O|  |TAMS 0x000000008b800000, 0x000000008b800000| Untracked 
|  18|0x000000008b800000, 0x000000008b900000, 0x000000008b900000|100%| O|  |TAMS 0x000000008b900000, 0x000000008b900000| Untracked 
|  19|0x000000008b900000, 0x000000008ba00000, 0x000000008ba00000|100%| O|  |TAMS 0x000000008ba00000, 0x000000008ba00000| Untracked 
|  20|0x000000008ba00000, 0x000000008bb00000, 0x000000008bb00000|100%| O|  |TAMS 0x000000008bb00000, 0x000000008bb00000| Untracked 
|  21|0x000000008bb00000, 0x000000008bc00000, 0x000000008bc00000|100%| O|  |TAMS 0x000000008bc00000, 0x000000008bc00000| Untracked 
|  22|0x000000008bc00000, 0x000000008bd00000, 0x000000008bd00000|100%| O|  |TAMS 0x000000008bd00000, 0x000000008bd00000| Untracked 
|  23|0x000000008bd00000, 0x000000008be00000, 0x000000008be00000|100%| O|  |TAMS 0x000000008be00000, 0x000000008be00000| Untracked 
|  24|0x000000008be00000, 0x000000008bf00000, 0x000000008bf00000|100%| O|  |TAMS 0x000000008be00000, 0x000000008bf00000| Untracked 
|  25|0x000000008bf00000, 0x000000008c000000, 0x000000008c000000|100%| O|  |TAMS 0x000000008c000000, 0x000000008c000000| Untracked 
|  26|0x000000008c000000, 0x000000008c100000, 0x000000008c100000|100%| O|  |TAMS 0x000000008c100000, 0x000000008c100000| Untracked 
|  27|0x000000008c100000, 0x000000008c200000, 0x000000008c200000|100%| O|  |TAMS 0x000000008c200000, 0x000000008c200000| Untracked 
|  28|0x000000008c200000, 0x000000008c300000, 0x000000008c300000|100%| O|  |TAMS 0x000000008c300000, 0x000000008c300000| Untracked 
|  29|0x000000008c300000, 0x000000008c400000, 0x000000008c400000|100%| O|  |TAMS 0x000000008c400000, 0x000000008c400000| Untracked 
|  30|0x000000008c400000, 0x000000008c500000, 0x000000008c500000|100%| O|  |TAMS 0x000000008c500000, 0x000000008c500000| Untracked 
|  31|0x000000008c500000, 0x000000008c600000, 0x000000008c600000|100%| O|  |TAMS 0x000000008c600000, 0x000000008c600000| Untracked 
|  32|0x000000008c600000, 0x000000008c700000, 0x000000008c700000|100%| O|  |TAMS 0x000000008c700000, 0x000000008c700000| Untracked 
|  33|0x000000008c700000, 0x000000008c800000, 0x000000008c800000|100%| O|  |TAMS 0x000000008c800000, 0x000000008c800000| Untracked 
|  34|0x000000008c800000, 0x000000008c900000, 0x000000008c900000|100%| O|  |TAMS 0x000000008c900000, 0x000000008c900000| Untracked 
|  35|0x000000008c900000, 0x000000008ca00000, 0x000000008ca00000|100%| O|  |TAMS 0x000000008ca00000, 0x000000008ca00000| Untracked 
|  36|0x000000008ca00000, 0x000000008cb00000, 0x000000008cb00000|100%| O|  |TAMS 0x000000008cb00000, 0x000000008cb00000| Untracked 
|  37|0x000000008cb00000, 0x000000008cc00000, 0x000000008cc00000|100%| O|  |TAMS 0x000000008cc00000, 0x000000008cc00000| Untracked 
|  38|0x000000008cc00000, 0x000000008cd00000, 0x000000008cd00000|100%| O|  |TAMS 0x000000008cd00000, 0x000000008cd00000| Untracked 
|  39|0x000000008cd00000, 0x000000008ce00000, 0x000000008ce00000|100%| O|  |TAMS 0x000000008ce00000, 0x000000008ce00000| Untracked 
|  40|0x000000008ce00000, 0x000000008cf00000, 0x000000008cf00000|100%| O|  |TAMS 0x000000008cf00000, 0x000000008cf00000| Untracked 
|  41|0x000000008cf00000, 0x000000008d000000, 0x000000008d000000|100%| O|  |TAMS 0x000000008d000000, 0x000000008d000000| Untracked 
|  42|0x000000008d000000, 0x000000008d100000, 0x000000008d100000|100%| O|  |TAMS 0x000000008d100000, 0x000000008d100000| Untracked 
|  43|0x000000008d100000, 0x000000008d200000, 0x000000008d200000|100%| O|  |TAMS 0x000000008d200000, 0x000000008d200000| Untracked 
|  44|0x000000008d200000, 0x000000008d300000, 0x000000008d300000|100%| O|  |TAMS 0x000000008d300000, 0x000000008d300000| Untracked 
|  45|0x000000008d300000, 0x000000008d400000, 0x000000008d400000|100%| O|  |TAMS 0x000000008d400000, 0x000000008d400000| Untracked 
|  46|0x000000008d400000, 0x000000008d400000, 0x000000008d500000|  0%| F|  |TAMS 0x000000008d400000, 0x000000008d400000| Untracked 
|  47|0x000000008d500000, 0x000000008d600000, 0x000000008d600000|100%| O|  |TAMS 0x000000008d600000, 0x000000008d600000| Untracked 
|  48|0x000000008d600000, 0x000000008d700000, 0x000000008d700000|100%| O|  |TAMS 0x000000008d700000, 0x000000008d700000| Untracked 
|  49|0x000000008d700000, 0x000000008d800000, 0x000000008d800000|100%| O|  |TAMS 0x000000008d800000, 0x000000008d800000| Untracked 
|  50|0x000000008d800000, 0x000000008d900000, 0x000000008d900000|100%| O|  |TAMS 0x000000008d900000, 0x000000008d900000| Untracked 
|  51|0x000000008d900000, 0x000000008da00000, 0x000000008da00000|100%| O|  |TAMS 0x000000008da00000, 0x000000008da00000| Untracked 
|  52|0x000000008da00000, 0x000000008db00000, 0x000000008db00000|100%| O|  |TAMS 0x000000008db00000, 0x000000008db00000| Untracked 
|  53|0x000000008db00000, 0x000000008dc00000, 0x000000008dc00000|100%| O|  |TAMS 0x000000008dc00000, 0x000000008dc00000| Untracked 
|  54|0x000000008dc00000, 0x000000008dd00000, 0x000000008dd00000|100%| O|  |TAMS 0x000000008dca9c00, 0x000000008dd00000| Untracked 
|  55|0x000000008dd00000, 0x000000008de00000, 0x000000008de00000|100%| O|  |TAMS 0x000000008dd00000, 0x000000008de00000| Untracked 
|  56|0x000000008de00000, 0x000000008df00000, 0x000000008df00000|100%| O|  |TAMS 0x000000008de00000, 0x000000008df00000| Untracked 
|  57|0x000000008df00000, 0x000000008df16800, 0x000000008e000000|  8%| O|  |TAMS 0x000000008df00000, 0x000000008df16800| Untracked 
|  58|0x000000008e000000, 0x000000008e000000, 0x000000008e100000|  0%| F|  |TAMS 0x000000008e000000, 0x000000008e000000| Untracked 
|  59|0x000000008e100000, 0x000000008e100000, 0x000000008e200000|  0%| F|  |TAMS 0x000000008e100000, 0x000000008e100000| Untracked 
|  60|0x000000008e200000, 0x000000008e200000, 0x000000008e300000|  0%| F|  |TAMS 0x000000008e200000, 0x000000008e200000| Untracked 
|  61|0x000000008e300000, 0x000000008e300000, 0x000000008e400000|  0%| F|  |TAMS 0x000000008e300000, 0x000000008e300000| Untracked 
|  62|0x000000008e400000, 0x000000008e400000, 0x000000008e500000|  0%| F|  |TAMS 0x000000008e400000, 0x000000008e400000| Untracked 
|  63|0x000000008e500000, 0x000000008e500000, 0x000000008e600000|  0%| F|  |TAMS 0x000000008e500000, 0x000000008e500000| Untracked 
|  64|0x000000008e600000, 0x000000008e600000, 0x000000008e700000|  0%| F|  |TAMS 0x000000008e600000, 0x000000008e600000| Untracked 
|  65|0x000000008e700000, 0x000000008e700000, 0x000000008e800000|  0%| F|  |TAMS 0x000000008e700000, 0x000000008e700000| Untracked 
|  66|0x000000008e800000, 0x000000008e800000, 0x000000008e900000|  0%| F|  |TAMS 0x000000008e800000, 0x000000008e800000| Untracked 
|  67|0x000000008e900000, 0x000000008e900000, 0x000000008ea00000|  0%| F|  |TAMS 0x000000008e900000, 0x000000008e900000| Untracked 
|  68|0x000000008ea00000, 0x000000008ea00000, 0x000000008eb00000|  0%| F|  |TAMS 0x000000008ea00000, 0x000000008ea00000| Untracked 
|  69|0x000000008eb00000, 0x000000008eb00000, 0x000000008ec00000|  0%| F|  |TAMS 0x000000008eb00000, 0x000000008eb00000| Untracked 
|  70|0x000000008ec00000, 0x000000008ecbc9a0, 0x000000008ed00000| 73%| S|CS|TAMS 0x000000008ec00000, 0x000000008ec00000| Complete 
|  71|0x000000008ed00000, 0x000000008ee00000, 0x000000008ee00000|100%| S|CS|TAMS 0x000000008ed00000, 0x000000008ed00000| Complete 
|  72|0x000000008ee00000, 0x000000008ee00000, 0x000000008ef00000|  0%| F|  |TAMS 0x000000008ee00000, 0x000000008ee00000| Untracked 
|  73|0x000000008ef00000, 0x000000008ef00000, 0x000000008f000000|  0%| F|  |TAMS 0x000000008ef00000, 0x000000008ef00000| Untracked 
|  74|0x000000008f000000, 0x000000008f000000, 0x000000008f100000|  0%| F|  |TAMS 0x000000008f000000, 0x000000008f000000| Untracked 
|  75|0x000000008f100000, 0x000000008f100000, 0x000000008f200000|  0%| F|  |TAMS 0x000000008f100000, 0x000000008f100000| Untracked 
|  76|0x000000008f200000, 0x000000008f200000, 0x000000008f300000|  0%| F|  |TAMS 0x000000008f200000, 0x000000008f200000| Untracked 
|  77|0x000000008f300000, 0x000000008f300000, 0x000000008f400000|  0%| F|  |TAMS 0x000000008f300000, 0x000000008f300000| Untracked 
|  78|0x000000008f400000, 0x000000008f400000, 0x000000008f500000|  0%| F|  |TAMS 0x000000008f400000, 0x000000008f400000| Untracked 
|  79|0x000000008f500000, 0x000000008f500000, 0x000000008f600000|  0%| F|  |TAMS 0x000000008f500000, 0x000000008f500000| Untracked 
|  80|0x000000008f600000, 0x000000008f600000, 0x000000008f700000|  0%| F|  |TAMS 0x000000008f600000, 0x000000008f600000| Untracked 
|  81|0x000000008f700000, 0x000000008f700000, 0x000000008f800000|  0%| F|  |TAMS 0x000000008f700000, 0x000000008f700000| Untracked 
|  82|0x000000008f800000, 0x000000008f800000, 0x000000008f900000|  0%| F|  |TAMS 0x000000008f800000, 0x000000008f800000| Untracked 
|  83|0x000000008f900000, 0x000000008f900000, 0x000000008fa00000|  0%| F|  |TAMS 0x000000008f900000, 0x000000008f900000| Untracked 
|  84|0x000000008fa00000, 0x000000008fa00000, 0x000000008fb00000|  0%| F|  |TAMS 0x000000008fa00000, 0x000000008fa00000| Untracked 
|  85|0x000000008fb00000, 0x000000008fb00000, 0x000000008fc00000|  0%| F|  |TAMS 0x000000008fb00000, 0x000000008fb00000| Untracked 
|  86|0x000000008fc00000, 0x000000008fc00000, 0x000000008fd00000|  0%| F|  |TAMS 0x000000008fc00000, 0x000000008fc00000| Untracked 
|  87|0x000000008fd00000, 0x000000008fd00000, 0x000000008fe00000|  0%| F|  |TAMS 0x000000008fd00000, 0x000000008fd00000| Untracked 
|  88|0x000000008fe00000, 0x000000008fe00000, 0x000000008ff00000|  0%| F|  |TAMS 0x000000008fe00000, 0x000000008fe00000| Untracked 
|  89|0x000000008ff00000, 0x000000008ff00000, 0x0000000090000000|  0%| F|  |TAMS 0x000000008ff00000, 0x000000008ff00000| Untracked 
|  90|0x0000000090000000, 0x0000000090000000, 0x0000000090100000|  0%| F|  |TAMS 0x0000000090000000, 0x0000000090000000| Untracked 
|  91|0x0000000090100000, 0x0000000090100000, 0x0000000090200000|  0%| F|  |TAMS 0x0000000090100000, 0x0000000090100000| Untracked 
|  92|0x0000000090200000, 0x0000000090200000, 0x0000000090300000|  0%| F|  |TAMS 0x0000000090200000, 0x0000000090200000| Untracked 
|  93|0x0000000090300000, 0x0000000090300000, 0x0000000090400000|  0%| F|  |TAMS 0x0000000090300000, 0x0000000090300000| Untracked 
|  94|0x0000000090400000, 0x0000000090400000, 0x0000000090500000|  0%| F|  |TAMS 0x0000000090400000, 0x0000000090400000| Untracked 
|  95|0x0000000090500000, 0x0000000090500000, 0x0000000090600000|  0%| F|  |TAMS 0x0000000090500000, 0x0000000090500000| Untracked 
|  96|0x0000000090600000, 0x0000000090600000, 0x0000000090700000|  0%| F|  |TAMS 0x0000000090600000, 0x0000000090600000| Untracked 
| 116|0x0000000091a00000, 0x0000000091a00000, 0x0000000091b00000|  0%| F|  |TAMS 0x0000000091a00000, 0x0000000091a00000| Untracked 
| 117|0x0000000091b00000, 0x0000000091b00000, 0x0000000091c00000|  0%| F|  |TAMS 0x0000000091b00000, 0x0000000091b00000| Untracked 

Card table byte_map: [0x000001c5fe750000,0x000001c5feb00000] _byte_map_base: 0x000001c5fe2fd000

Marking Bits (Prev, Next): (CMBitMap*) 0x000001c5fb022a50, (CMBitMap*) 0x000001c5fb022a90
 Prev Bits: [0x000001c587ab0000, 0x000001c589818000)
 Next Bits: [0x000001c589820000, 0x000001c58b588000)

Polling page: 0x000001c5f8ed0000

Metaspace:

Usage:
  Non-class:     73.70 MB used.
      Class:     12.53 MB used.
       Both:     86.23 MB used.

Virtual space:
  Non-class space:      128.00 MB reserved,      74.00 MB ( 58%) committed,  2 nodes.
      Class space:        1.00 GB reserved,      12.81 MB (  1%) committed,  1 nodes.
             Both:        1.12 GB reserved,      86.81 MB (  8%) committed. 

Chunk freelists:
   Non-Class:  5.27 MB
       Class:  3.16 MB
        Both:  8.42 MB

MaxMetaspaceSize: unlimited
CompressedClassSpaceSize: 1.00 GB
Initial GC threshold: 21.00 MB
Current GC threshold: 141.06 MB
CDS: on
MetaspaceReclaimPolicy: balanced
 - commit_granule_bytes: 65536.
 - commit_granule_words: 8192.
 - virtual_space_node_default_size: 8388608.
 - enlarge_chunks_in_place: 1.
 - new_chunks_are_fully_committed: 0.
 - uncommit_free_chunks: 1.
 - use_allocation_guard: 0.
 - handle_deallocations: 1.


Internal statistics:

num_allocs_failed_limit: 9.
num_arena_births: 916.
num_arena_deaths: 0.
num_vsnodes_births: 3.
num_vsnodes_deaths: 0.
num_space_committed: 1389.
num_space_uncommitted: 0.
num_chunks_returned_to_freelist: 9.
num_chunks_taken_from_freelist: 4130.
num_chunk_merges: 9.
num_chunk_splits: 3038.
num_chunks_enlarged: 2384.
num_inconsistent_stats: 0.

CodeCache: size=49152Kb used=14939Kb max_used=14939Kb free=34212Kb
 bounds [0x000001c5fb060000, 0x000001c5fbf00000, 0x000001c5fe060000]
 total_blobs=8262 nmethods=7535 adapters=651
 compilation: enabled
              stopped_count=0, restarted_count=0
 full_count=0

Compilation events (20 events):
Event: 19.698 Thread 0x000001c5ffa832f0 nmethod 7525 0x000001c5fbef3690 code [0x000001c5fbef3840, 0x000001c5fbef3968]
Event: 19.698 Thread 0x000001c5d55dc850 nmethod 7526 0x000001c5fbef3a10 code [0x000001c5fbef3bc0, 0x000001c5fbef3d48]
Event: 20.115 Thread 0x000001c5ffa53ee0 7527       1       io.netty.util.internal.PlatformDependent::isWindows (4 bytes)
Event: 20.116 Thread 0x000001c5ffa53ee0 nmethod 7527 0x000001c5fbef4110 code [0x000001c5fbef42a0, 0x000001c5fbef4358]
Event: 20.734 Thread 0x000001c5d55dc850 7528       1       java.util.Collections$UnmodifiableMap::<init> (22 bytes)
Event: 20.734 Thread 0x000001c5d55dc850 nmethod 7528 0x000001c5fbef4410 code [0x000001c5fbef45c0, 0x000001c5fbef4788]
Event: 20.734 Thread 0x000001c5d55dc850 7529       1       com.netflix.servo.tag.BasicTag::getKey (5 bytes)
Event: 20.734 Thread 0x000001c5d55dc850 nmethod 7529 0x000001c5fbef4810 code [0x000001c5fbef49a0, 0x000001c5fbef4a78]
Event: 20.735 Thread 0x000001c5d55dc850 7530       1       java.util.regex.Pattern$StartS::match (138 bytes)
Event: 20.735 Thread 0x000001c5ffa53ee0 7531       1       java.util.Arrays::sort (24 bytes)
Event: 20.735 Thread 0x000001c5ffa53ee0 nmethod 7531 0x000001c5fbef4b10 code [0x000001c5fbef4cc0, 0x000001c5fbef4da8]
Event: 20.735 Thread 0x000001c5d55dc850 nmethod 7530 0x000001c5fbef4e90 code [0x000001c5fbef5080, 0x000001c5fbef5418]
Event: 20.736 Thread 0x000001c5ffa832f0 7532   !   1       javax.management.MBeanInfo::arrayGettersSafe (85 bytes)
Event: 20.737 Thread 0x000001c5ffa832f0 nmethod 7532 0x000001c5fbef5610 code [0x000001c5fbef5800, 0x000001c5fbef5c38]
Event: 20.748 Thread 0x000001c5ffa53ee0 7533       1       com.netflix.servo.util.Preconditions::checkNotNull (29 bytes)
Event: 20.748 Thread 0x000001c5d55dc850 7534       1       javax.management.ObjectName::isPattern (17 bytes)
Event: 20.748 Thread 0x000001c5d55dc850 nmethod 7534 0x000001c5fbef5f10 code [0x000001c5fbef60a0, 0x000001c5fbef6178]
Event: 20.748 Thread 0x000001c5d55dc850 7535       1       javax.management.ObjectName::getDomain (13 bytes)
Event: 20.748 Thread 0x000001c5d55dc850 nmethod 7535 0x000001c5fbef6210 code [0x000001c5fbef63c0, 0x000001c5fbef64c8]
Event: 20.748 Thread 0x000001c5ffa53ee0 nmethod 7533 0x000001c5fbef6590 code [0x000001c5fbef67a0, 0x000001c5fbef6d38]

GC Heap History (20 events):
Event: 13.858 GC heap after
{Heap after GC invocations=22 (full 0):
 garbage-first heap   total 100352K, used 49447K [0x000000008a600000, 0x0000000100000000)
  region size 1024K, 5 young (5120K), 5 survivors (5120K)
 Metaspace       used 80398K, committed 80960K, reserved 1179648K
  class space    used 11589K, committed 11840K, reserved 1048576K
}
Event: 14.147 GC heap before
{Heap before GC invocations=22 (full 0):
 garbage-first heap   total 100352K, used 82215K [0x000000008a600000, 0x0000000100000000)
  region size 1024K, 37 young (37888K), 5 survivors (5120K)
 Metaspace       used 82114K, committed 82688K, reserved 1179648K
  class space    used 11828K, committed 12096K, reserved 1048576K
}
Event: 14.151 GC heap after
{Heap after GC invocations=23 (full 0):
 garbage-first heap   total 100352K, used 51352K [0x000000008a600000, 0x0000000100000000)
  region size 1024K, 4 young (4096K), 4 survivors (4096K)
 Metaspace       used 82114K, committed 82688K, reserved 1179648K
  class space    used 11828K, committed 12096K, reserved 1048576K
}
Event: 14.381 GC heap before
{Heap before GC invocations=24 (full 0):
 garbage-first heap   total 100352K, used 83096K [0x000000008a600000, 0x0000000100000000)
  region size 1024K, 35 young (35840K), 4 survivors (4096K)
 Metaspace       used 82523K, committed 83136K, reserved 1179648K
  class space    used 11957K, committed 12224K, reserved 1048576K
}
Event: 14.385 GC heap after
{Heap after GC invocations=25 (full 0):
 garbage-first heap   total 100352K, used 52953K [0x000000008a600000, 0x0000000100000000)
  region size 1024K, 4 young (4096K), 4 survivors (4096K)
 Metaspace       used 82523K, committed 83136K, reserved 1179648K
  class space    used 11957K, committed 12224K, reserved 1048576K
}
Event: 14.394 GC heap before
{Heap before GC invocations=25 (full 0):
 garbage-first heap   total 100352K, used 53977K [0x000000008a600000, 0x0000000100000000)
  region size 1024K, 5 young (5120K), 4 survivors (4096K)
 Metaspace       used 82526K, committed 83136K, reserved 1179648K
  class space    used 11958K, committed 12224K, reserved 1048576K
}
Event: 14.397 GC heap after
{Heap after GC invocations=26 (full 0):
 garbage-first heap   total 100352K, used 52770K [0x000000008a600000, 0x0000000100000000)
  region size 1024K, 1 young (1024K), 1 survivors (1024K)
 Metaspace       used 82526K, committed 83136K, reserved 1179648K
  class space    used 11958K, committed 12224K, reserved 1048576K
}
Event: 16.656 GC heap before
{Heap before GC invocations=26 (full 0):
 garbage-first heap   total 100352K, used 83490K [0x000000008a600000, 0x0000000100000000)
  region size 1024K, 31 young (31744K), 1 survivors (1024K)
 Metaspace       used 83043K, committed 83648K, reserved 1179648K
  class space    used 12066K, committed 12352K, reserved 1048576K
}
Event: 16.658 GC heap after
{Heap after GC invocations=27 (full 0):
 garbage-first heap   total 100352K, used 53648K [0x000000008a600000, 0x0000000100000000)
  region size 1024K, 2 young (2048K), 2 survivors (2048K)
 Metaspace       used 83043K, committed 83648K, reserved 1179648K
  class space    used 12066K, committed 12352K, reserved 1048576K
}
Event: 16.928 GC heap before
{Heap before GC invocations=28 (full 0):
 garbage-first heap   total 100352K, used 83344K [0x000000008a600000, 0x0000000100000000)
  region size 1024K, 31 young (31744K), 2 survivors (2048K)
 Metaspace       used 84574K, committed 85120K, reserved 1179648K
  class space    used 12250K, committed 12480K, reserved 1048576K
}
Event: 16.931 GC heap after
{Heap after GC invocations=29 (full 0):
 garbage-first heap   total 100352K, used 55355K [0x000000008a600000, 0x0000000100000000)
  region size 1024K, 4 young (4096K), 4 survivors (4096K)
 Metaspace       used 84574K, committed 85120K, reserved 1179648K
  class space    used 12250K, committed 12480K, reserved 1048576K
}
Event: 16.948 GC heap before
{Heap before GC invocations=29 (full 0):
 garbage-first heap   total 100352K, used 56379K [0x000000008a600000, 0x0000000100000000)
  region size 1024K, 5 young (5120K), 4 survivors (4096K)
 Metaspace       used 84726K, committed 85312K, reserved 1179648K
  class space    used 12286K, committed 12544K, reserved 1048576K
}
Event: 16.951 GC heap after
{Heap after GC invocations=30 (full 0):
 garbage-first heap   total 100352K, used 55097K [0x000000008a600000, 0x0000000100000000)
  region size 1024K, 1 young (1024K), 1 survivors (1024K)
 Metaspace       used 84726K, committed 85312K, reserved 1179648K
  class space    used 12286K, committed 12544K, reserved 1048576K
}
Event: 17.188 GC heap before
{Heap before GC invocations=30 (full 0):
 garbage-first heap   total 100352K, used 83769K [0x000000008a600000, 0x0000000100000000)
  region size 1024K, 29 young (29696K), 1 survivors (1024K)
 Metaspace       used 85848K, committed 86464K, reserved 1179648K
  class space    used 12423K, committed 12736K, reserved 1048576K
}
Event: 17.190 GC heap after
{Heap after GC invocations=31 (full 0):
 garbage-first heap   total 100352K, used 56429K [0x000000008a600000, 0x0000000100000000)
  region size 1024K, 2 young (2048K), 2 survivors (2048K)
 Metaspace       used 85848K, committed 86464K, reserved 1179648K
  class space    used 12423K, committed 12736K, reserved 1048576K
}
Event: 18.814 GC heap before
{Heap before GC invocations=32 (full 0):
 garbage-first heap   total 101376K, used 84077K [0x000000008a600000, 0x0000000100000000)
  region size 1024K, 29 young (29696K), 2 survivors (2048K)
 Metaspace       used 86830K, committed 87424K, reserved 1179648K
  class space    used 12584K, committed 12864K, reserved 1048576K
}
Event: 18.817 GC heap after
{Heap after GC invocations=33 (full 0):
 garbage-first heap   total 101376K, used 57823K [0x000000008a600000, 0x0000000100000000)
  region size 1024K, 4 young (4096K), 4 survivors (4096K)
 Metaspace       used 86830K, committed 87424K, reserved 1179648K
  class space    used 12584K, committed 12864K, reserved 1048576K
}
Event: 18.828 GC heap before
{Heap before GC invocations=33 (full 0):
 garbage-first heap   total 101376K, used 58847K [0x000000008a600000, 0x0000000100000000)
  region size 1024K, 5 young (5120K), 4 survivors (4096K)
 Metaspace       used 86841K, committed 87488K, reserved 1179648K
  class space    used 12586K, committed 12864K, reserved 1048576K
}
Event: 18.831 GC heap after
{Heap after GC invocations=34 (full 0):
 garbage-first heap   total 101376K, used 57718K [0x000000008a600000, 0x0000000100000000)
  region size 1024K, 1 young (1024K), 1 survivors (1024K)
 Metaspace       used 86841K, committed 87488K, reserved 1179648K
  class space    used 12586K, committed 12864K, reserved 1048576K
}
Event: 20.751 GC heap before
{Heap before GC invocations=34 (full 0):
 garbage-first heap   total 101376K, used 84342K [0x000000008a600000, 0x0000000100000000)
  region size 1024K, 27 young (27648K), 1 survivors (1024K)
 Metaspace       used 88299K, committed 88896K, reserved 1179648K
  class space    used 12830K, committed 13120K, reserved 1048576K
}

Dll operation events (13 events):
Event: 0.021 Loaded shared library C:\Program Files\Eclipse Adoptium\jdk-17.0.18.8-hotspot\bin\java.dll
Event: 0.045 Loaded shared library C:\Program Files\Eclipse Adoptium\jdk-17.0.18.8-hotspot\bin\jsvml.dll
Event: 0.380 Loaded shared library C:\Program Files\Eclipse Adoptium\jdk-17.0.18.8-hotspot\bin\zip.dll
Event: 0.385 Loaded shared library C:\Program Files\Eclipse Adoptium\jdk-17.0.18.8-hotspot\bin\instrument.dll
Event: 0.394 Loaded shared library C:\Program Files\Eclipse Adoptium\jdk-17.0.18.8-hotspot\bin\net.dll
Event: 0.398 Loaded shared library C:\Program Files\Eclipse Adoptium\jdk-17.0.18.8-hotspot\bin\nio.dll
Event: 0.405 Loaded shared library C:\Program Files\Eclipse Adoptium\jdk-17.0.18.8-hotspot\bin\zip.dll
Event: 0.770 Loaded shared library C:\Program Files\Eclipse Adoptium\jdk-17.0.18.8-hotspot\bin\jimage.dll
Event: 0.782 Loaded shared library C:\Program Files\Eclipse Adoptium\jdk-17.0.18.8-hotspot\bin\extnet.dll
Event: 0.798 Loaded shared library C:\Program Files\Eclipse Adoptium\jdk-17.0.18.8-hotspot\bin\management.dll
Event: 0.810 Loaded shared library C:\Program Files\Eclipse Adoptium\jdk-17.0.18.8-hotspot\bin\management_ext.dll
Event: 2.663 Loaded shared library C:\Program Files\Eclipse Adoptium\jdk-17.0.18.8-hotspot\bin\sunmscapi.dll
Event: 4.060 Loaded shared library C:\Program Files\Eclipse Adoptium\jdk-17.0.18.8-hotspot\bin\verify.dll

Deoptimization events (8 events):
Event: 4.481 Thread 0x000001c5fafc7cb0 DEOPT PACKING pc=0x000001c5fb93be42 sp=0x0000001d935fe270
Event: 4.481 Thread 0x000001c5fafc7cb0 DEOPT UNPACKING pc=0x000001c5fb0b7143 sp=0x0000001d935fd808 mode 0
Event: 6.161 Thread 0x000001c5fafc7cb0 DEOPT PACKING pc=0x000001c5fb5f2292 sp=0x0000001d935fd220
Event: 6.161 Thread 0x000001c5fafc7cb0 DEOPT UNPACKING pc=0x000001c5fb0b7143 sp=0x0000001d935fc728 mode 3
Event: 6.162 Thread 0x000001c5fafc7cb0 DEOPT PACKING pc=0x000001c5fb5d6e0d sp=0x0000001d935fd1e0
Event: 6.162 Thread 0x000001c5fafc7cb0 DEOPT UNPACKING pc=0x000001c5fb0b7143 sp=0x0000001d935fc728 mode 3
Event: 11.356 Thread 0x000001c5fafc7cb0 DEOPT PACKING pc=0x000001c5fbb9aeb4 sp=0x0000001d935fc980
Event: 11.356 Thread 0x000001c5fafc7cb0 DEOPT UNPACKING pc=0x000001c5fb0b7143 sp=0x0000001d935fbed8 mode 0

Classes loaded (20 events):
Event: 19.519 Loading class java/util/stream/Sink$OfDouble done
Event: 19.519 Loading class java/util/stream/ReduceOps$13ReducingSink done
Event: 19.519 Loading class java/util/stream/ReferencePipeline$6$1
Event: 19.519 Loading class java/util/stream/ReferencePipeline$6$1 done
Event: 19.553 Loading class java/util/function/DoubleSupplier
Event: 19.561 Loading class java/util/function/DoubleSupplier done
Event: 19.581 Loading class javax/management/modelmbean/RequiredModelMBean
Event: 19.583 Loading class javax/management/modelmbean/RequiredModelMBean done
Event: 19.683 Loading class sun/util/resources/LocaleData$CommonResourceBundleProvider
Event: 19.683 Loading class sun/util/resources/LocaleData$LocaleDataResourceBundleProvider
Event: 19.683 Loading class java/util/spi/ResourceBundleProvider
Event: 19.683 Loading class java/util/spi/ResourceBundleProvider done
Event: 19.683 Loading class sun/util/resources/LocaleData$LocaleDataResourceBundleProvider done
Event: 19.683 Loading class sun/util/resources/LocaleData$CommonResourceBundleProvider done
Event: 19.683 Loading class java/util/ArrayList$SubList$1
Event: 19.683 Loading class java/util/ArrayList$SubList$1 done
Event: 19.684 Loading class sun/util/resources/Bundles$2
Event: 19.684 Loading class sun/util/resources/Bundles$2 done
Event: 20.733 Loading class java/util/Collections$UnmodifiableSortedMap
Event: 20.733 Loading class java/util/Collections$UnmodifiableSortedMap done

Classes unloaded (0 events):
No events

Classes redefined (0 events):
No events

Internal exceptions (20 events):
Event: 13.663 Thread 0x000001c5fafc7cb0 Exception <a 'java/lang/IncompatibleClassChangeError'{0x000000008fd94230}: Found class java.lang.Object, but interface was expected> (0x000000008fd94230) 
thrown [s\src\hotspot\share\interpreter\linkResolver.cpp, line 826]
Event: 13.663 Thread 0x000001c5fafc7cb0 Exception <a 'java/lang/IncompatibleClassChangeError'{0x000000008fd9ac48}: Found class java.lang.Object, but interface was expected> (0x000000008fd9ac48) 
thrown [s\src\hotspot\share\interpreter\linkResolver.cpp, line 826]
Event: 13.664 Thread 0x000001c5fafc7cb0 Exception <a 'java/lang/IncompatibleClassChangeError'{0x000000008fda12f0}: Found class java.lang.Object, but interface was expected> (0x000000008fda12f0) 
thrown [s\src\hotspot\share\interpreter\linkResolver.cpp, line 826]
Event: 13.680 Thread 0x000001c5fafc7cb0 Exception <a 'java/lang/NoSuchMethodError'{0x000000008fc8fb40}: 'void java.lang.invoke.DirectMethodHandle$Holder.invokeVirtual(java.lang.Object, java.lang.Object, long)'> (0x000000008fc8fb40) 
thrown [s\src\hotspot\share\interpreter\linkResolver.cpp, line 759]
Event: 13.699 Thread 0x000001c5fafc7cb0 Exception <a 'java/lang/NoSuchMethodError'{0x000000008f9721d8}: 'double java.lang.invoke.DirectMethodHandle$Holder.invokeVirtual(java.lang.Object, java.lang.Object)'> (0x000000008f9721d8) 
thrown [s\src\hotspot\share\interpreter\linkResolver.cpp, line 759]
Event: 14.183 Thread 0x000001c5fafc7cb0 Exception <a 'java/lang/IncompatibleClassChangeError'{0x0000000090336490}: Found class java.lang.Object, but interface was expected> (0x0000000090336490) 
thrown [s\src\hotspot\share\interpreter\linkResolver.cpp, line 826]
Event: 14.234 Thread 0x000001c5fafc7cb0 Exception <a 'java/lang/NoSuchMethodError'{0x000000008fd19c10}: 'java.lang.Object java.lang.invoke.DirectMethodHandle$Holder.newInvokeSpecial(java.lang.Object, java.lang.Object, java.lang.Object, java.lang.Object, java.lang.Object, java.lang.Object, java.lang.Object, java.lang.Object, java.lang.Object)'> (0x000000008fd19c10) 
thrown [s\src\hotspot\share\interpreter\linkResolver.cpp, line 759]
Event: 14.235 Thread 0x000001c5fafc7cb0 Exception <a 'java/lang/NoSuchMethodError'{0x000000008fd1ee58}: 'java.lang.Object java.lang.invoke.Invokers$Holder.linkToTargetMethod(java.lang.Object, java.lang.Object, java.lang.Object, java.lang.Object, java.lang.Object, java.lang.Object, java.lang.Object, java.lang.Object, java.lang.Object)'> (0x000000008fd1ee58) 
thrown [s\src\hotspot\share\interpreter\linkResolver.cpp, line 759]
Event: 14.544 Thread 0x000001c5fafc7cb0 Exception <a 'java/lang/NoSuchMethodError'{0x000000008f29d0b0}: 'java.lang.Object java.lang.invoke.DirectMethodHandle$Holder.invokeInterface(java.lang.Object, java.lang.Object, java.lang.Object, java.lang.Object)'> (0x000000008f29d0b0) 
thrown [s\src\hotspot\share\interpreter\linkResolver.cpp, line 759]
Event: 17.016 Thread 0x000001c5fafc7cb0 Exception <a 'java/lang/IncompatibleClassChangeError'{0x000000008ffd8020}: Found class java.lang.Object, but interface was expected> (0x000000008ffd8020) 
thrown [s\src\hotspot\share\interpreter\linkResolver.cpp, line 826]
Event: 17.125 Thread 0x000001c5fafc7cb0 Exception <a 'java/lang/NoSuchMethodError'{0x000000008f1262a0}: 'int java.lang.invoke.DirectMethodHandle$Holder.invokeStatic(java.lang.Object, java.lang.Object, java.lang.Object, java.lang.Object, java.lang.Object)'> (0x000000008f1262a0) 
thrown [s\src\hotspot\share\interpreter\linkResolver.cpp, line 759]
Event: 17.185 Thread 0x000001c5fafc7cb0 Exception <a 'java/lang/NoSuchMethodError'{0x000000008ebb2040}: 'double java.lang.invoke.DirectMethodHandle$Holder.invokeStatic(java.lang.Object, java.lang.Object)'> (0x000000008ebb2040) 
thrown [s\src\hotspot\share\interpreter\linkResolver.cpp, line 759]
Event: 17.200 Thread 0x000001c5d34b88f0 Exception <a 'java/lang/NoSuchMethodError'{0x0000000091b951b0}: 'long java.lang.invoke.DirectMethodHandle$Holder.invokeStatic(java.lang.Object, java.lang.Object, java.lang.Object)'> (0x0000000091b951b0) 
thrown [s\src\hotspot\share\interpreter\linkResolver.cpp, line 759]
Event: 19.423 Thread 0x000001c5fafc7cb0 Exception <a 'java/lang/IncompatibleClassChangeError'{0x000000008f82ae00}: Found class java.lang.Object, but interface was expected> (0x000000008f82ae00) 
thrown [s\src\hotspot\share\interpreter\linkResolver.cpp, line 826]
Event: 19.516 Thread 0x000001c5fafc7cb0 Exception <a 'java/lang/NoSuchMethodError'{0x000000008f6cac40}: 'void java.lang.invoke.DirectMethodHandle$Holder.invokeStatic(java.lang.Object, java.lang.Object, double)'> (0x000000008f6cac40) 
thrown [s\src\hotspot\share\interpreter\linkResolver.cpp, line 759]
Event: 19.523 Thread 0x000001c5fafc7cb0 Exception <a 'java/lang/NoSuchMethodError'{0x000000008f50d9c0}: 'double java.lang.invoke.DirectMethodHandle$Holder.invokeStatic(java.lang.Object, java.lang.Object, java.lang.Object)'> (0x000000008f50d9c0) 
thrown [s\src\hotspot\share\interpreter\linkResolver.cpp, line 759]
Event: 19.568 Thread 0x000001c5fafc7cb0 Exception <a 'java/lang/IncompatibleClassChangeError'{0x000000008f413468}: Found class java.lang.Object, but interface was expected> (0x000000008f413468) 
thrown [s\src\hotspot\share\interpreter\linkResolver.cpp, line 826]
Event: 19.607 Thread 0x000001c5fafc7cb0 Exception <a 'java/lang/NoSuchMethodError'{0x000000008f260870}: 'java.lang.Object java.lang.invoke.DirectMethodHandle$Holder.invokeSpecial(java.lang.Object, java.lang.Object, int, java.lang.Object, int, java.lang.Object)'> (0x000000008f260870) 
thrown [s\src\hotspot\share\interpreter\linkResolver.cpp, line 759]
Event: 19.607 Thread 0x000001c5fafc7cb0 Exception <a 'java/lang/NoSuchMethodError'{0x000000008f268678}: 'java.lang.Object java.lang.invoke.DirectMethodHandle$Holder.newInvokeSpecial(java.lang.Object, java.lang.Object, int, java.lang.Object, int)'> (0x000000008f268678) 
thrown [s\src\hotspot\share\interpreter\linkResolver.cpp, line 759]
Event: 19.607 Thread 0x000001c5fafc7cb0 Exception <a 'java/lang/NoSuchMethodError'{0x000000008f26c778}: 'java.lang.Object java.lang.invoke.DirectMethodHandle$Holder.invokeSpecial(java.lang.Object, java.lang.Object, java.lang.Object, int, java.lang.Object, int)'> (0x000000008f26c778) 
thrown [s\src\hotspot\share\interpreter\linkResolver.cpp, line 759]

VM Operations (20 events):
Event: 16.957 Executing VM operation: HandshakeAllThreads done
Event: 17.120 Executing VM operation: HandshakeAllThreads
Event: 17.120 Executing VM operation: HandshakeAllThreads done
Event: 17.188 Executing VM operation: G1CollectForAllocation
Event: 17.191 Executing VM operation: G1CollectForAllocation done
Event: 17.215 Executing VM operation: G1PauseRemark
Event: 18.225 Executing VM operation: G1PauseRemark done
Event: 18.238 Executing VM operation: G1PauseCleanup
Event: 18.238 Executing VM operation: G1PauseCleanup done
Event: 18.814 Executing VM operation: G1CollectForAllocation
Event: 18.817 Executing VM operation: G1CollectForAllocation done
Event: 18.828 Executing VM operation: G1CollectForAllocation
Event: 18.831 Executing VM operation: G1CollectForAllocation done
Event: 19.525 Executing VM operation: HandshakeAllThreads
Event: 19.525 Executing VM operation: HandshakeAllThreads done
Event: 19.568 Executing VM operation: HandshakeAllThreads
Event: 19.568 Executing VM operation: HandshakeAllThreads done
Event: 20.578 Executing VM operation: Cleanup
Event: 20.732 Executing VM operation: Cleanup done
Event: 20.751 Executing VM operation: G1CollectForAllocation

Memory protections (0 events):
No events

Nmethod flushes (0 events):
No events

Events (20 events):
Event: 10.110 Thread 0x000001c5d52d72f0 Thread exited: 0x000001c5d52d72f0
Event: 10.613 Thread 0x000001c5d52d4050 Thread added: 0x000001c5d52d5490
Event: 10.617 Thread 0x000001c5d52d5490 Thread exited: 0x000001c5d52d5490
Event: 11.122 Thread 0x000001c5d52d4050 Thread added: 0x000001c5d52d5eb0
Event: 11.161 Thread 0x000001c5d52d5eb0 Thread exited: 0x000001c5d52d5eb0
Event: 11.629 Thread 0x000001c5d52d4050 Thread added: 0x000001c5d52d59a0
Event: 11.633 Thread 0x000001c5d52d59a0 Thread exited: 0x000001c5d52d59a0
Event: 12.136 Thread 0x000001c5d52d4050 Thread added: 0x000001c5d52d7d10
Event: 12.137 Thread 0x000001c5d4b01a40 Thread exited: 0x000001c5d4b01a40
Event: 12.139 Thread 0x000001c5d52d7d10 Thread exited: 0x000001c5d52d7d10
Event: 12.640 Thread 0x000001c5d52d4050 Thread added: 0x000001c5d52d5490
Event: 12.643 Thread 0x000001c5d52d5490 Thread exited: 0x000001c5d52d5490
Event: 13.150 Thread 0x000001c5d52d4050 Thread added: 0x000001c5d52d5490
Event: 13.159 Thread 0x000001c5d52d5490 Thread exited: 0x000001c5d52d5490
Event: 13.394 Thread 0x000001c5fafc7cb0 Thread added: 0x000001c5d52d68d0
Event: 14.306 Thread 0x000001c5d52d63c0 Thread exited: 0x000001c5d52d63c0
Event: 16.618 Thread 0x000001c58d82da40 Thread exited: 0x000001c58d82da40
Event: 18.272 Thread 0x000001c5ffa53f90 Thread exited: 0x000001c5ffa53f90
Event: 18.533 Thread 0x000001c5ffa832f0 Thread added: 0x000001c5ffa53ee0
Event: 18.533 Thread 0x000001c5ffa832f0 Thread added: 0x000001c5d55dc850


Dynamic libraries:
0x00007ff65e770000 - 0x00007ff65e77e000 	C:\Program Files\Eclipse Adoptium\jdk-17.0.18.8-hotspot\bin\java.exe
0x00007fff86880000 - 0x00007fff86ae7000 	C:\WINDOWS\SYSTEM32\ntdll.dll
0x00007fff85980000 - 0x00007fff85a49000 	C:\WINDOWS\System32\KERNEL32.DLL
0x00007fff83d60000 - 0x00007fff84151000 	C:\WINDOWS\System32\KERNELBASE.dll
0x00007fff83220000 - 0x00007fff8336b000 	C:\WINDOWS\System32\ucrtbase.dll
0x00007fff78b30000 - 0x00007fff78b48000 	C:\Program Files\Eclipse Adoptium\jdk-17.0.18.8-hotspot\bin\jli.dll
0x00007fff6bdb0000 - 0x00007fff6bdce000 	C:\Program Files\Eclipse Adoptium\jdk-17.0.18.8-hotspot\bin\VCRUNTIME140.dll
0x00007fff850e0000 - 0x00007fff852a5000 	C:\WINDOWS\System32\USER32.dll
0x00007fff84210000 - 0x00007fff84237000 	C:\WINDOWS\System32\win32u.dll
0x00007fff84ce0000 - 0x00007fff84d0b000 	C:\WINDOWS\System32\GDI32.dll
0x00007fff655e0000 - 0x00007fff65873000 	C:\WINDOWS\WinSxS\amd64_microsoft.windows.common-controls_6595b64144ccf1df_6.0.26100.8037_none_3e092faae333b53b\COMCTL32.dll
0x00007fff84380000 - 0x00007fff844ab000 	C:\WINDOWS\System32\gdi32full.dll
0x00007fff842d0000 - 0x00007fff84373000 	C:\WINDOWS\System32\msvcp_win.dll
0x00007fff846c0000 - 0x00007fff84769000 	C:\WINDOWS\System32\msvcrt.dll
0x00007fff863b0000 - 0x00007fff863e1000 	C:\WINDOWS\System32\IMM32.DLL
0x00007fff7d870000 - 0x00007fff7d87c000 	C:\Program Files\Eclipse Adoptium\jdk-17.0.18.8-hotspot\bin\vcruntime140_1.dll
0x00007fff387d0000 - 0x00007fff3885d000 	C:\Program Files\Eclipse Adoptium\jdk-17.0.18.8-hotspot\bin\msvcp140.dll
0x00007fff05570000 - 0x00007fff061db000 	C:\Program Files\Eclipse Adoptium\jdk-17.0.18.8-hotspot\bin\server\jvm.dll
0x00007fff84d10000 - 0x00007fff84dcb000 	C:\WINDOWS\System32\ADVAPI32.dll
0x00007fff86470000 - 0x00007fff86517000 	C:\WINDOWS\System32\sechost.dll
0x00007fff85740000 - 0x00007fff85858000 	C:\WINDOWS\System32\RPCRT4.dll
0x00007fff84620000 - 0x00007fff84694000 	C:\WINDOWS\System32\WS2_32.dll
0x00007fff82fe0000 - 0x00007fff8303e000 	C:\WINDOWS\SYSTEM32\POWRPROF.dll
0x00007fff7cc20000 - 0x00007fff7cc2b000 	C:\WINDOWS\SYSTEM32\VERSION.dll
0x00007fff7cbc0000 - 0x00007fff7cbf5000 	C:\WINDOWS\SYSTEM32\WINMM.dll
0x00007fff82fc0000 - 0x00007fff82fd4000 	C:\WINDOWS\SYSTEM32\UMPDC.dll
0x00007fff81ed0000 - 0x00007fff81eeb000 	C:\WINDOWS\SYSTEM32\kernel.appcore.dll
0x00007fff69610000 - 0x00007fff6961a000 	C:\Program Files\Eclipse Adoptium\jdk-17.0.18.8-hotspot\bin\jimage.dll
0x00007fff76880000 - 0x00007fff76ac2000 	C:\WINDOWS\SYSTEM32\DBGHELP.DLL
0x00007fff848d0000 - 0x00007fff84c52000 	C:\WINDOWS\System32\combase.dll
0x00007fff85ad0000 - 0x00007fff85ba7000 	C:\WINDOWS\System32\OLEAUT32.dll
0x00007fff66640000 - 0x00007fff6667b000 	C:\WINDOWS\SYSTEM32\dbgcore.DLL
0x00007fff84160000 - 0x00007fff84205000 	C:\WINDOWS\System32\bcryptPrimitives.dll
0x00007fff69600000 - 0x00007fff6960e000 	C:\Program Files\Eclipse Adoptium\jdk-17.0.18.8-hotspot\bin\instrument.dll
0x00007fff51e20000 - 0x00007fff51e45000 	C:\Program Files\Eclipse Adoptium\jdk-17.0.18.8-hotspot\bin\java.dll
0x00007fff150b0000 - 0x00007fff15187000 	C:\Program Files\Eclipse Adoptium\jdk-17.0.18.8-hotspot\bin\jsvml.dll
0x00007fff85bb0000 - 0x00007fff8630f000 	C:\WINDOWS\System32\SHELL32.dll
0x00007fff844b0000 - 0x00007fff8461a000 	C:\WINDOWS\System32\wintypes.dll
0x00007fff834f0000 - 0x00007fff83d54000 	C:\WINDOWS\System32\windows.storage.dll
0x00007fff85880000 - 0x00007fff85977000 	C:\WINDOWS\System32\SHCORE.dll
0x00007fff867d0000 - 0x00007fff86837000 	C:\WINDOWS\System32\shlwapi.dll
0x00007fff83080000 - 0x00007fff830a9000 	C:\WINDOWS\SYSTEM32\profapi.dll
0x00007fff55490000 - 0x00007fff554a8000 	C:\Program Files\Eclipse Adoptium\jdk-17.0.18.8-hotspot\bin\zip.dll
0x00007fff5fed0000 - 0x00007fff5feea000 	C:\Program Files\Eclipse Adoptium\jdk-17.0.18.8-hotspot\bin\net.dll
0x00007fff786c0000 - 0x00007fff787e7000 	C:\WINDOWS\SYSTEM32\WINHTTP.dll
0x00007fff82460000 - 0x00007fff824cb000 	C:\WINDOWS\system32\mswsock.dll
0x00007fff5e830000 - 0x00007fff5e846000 	C:\Program Files\Eclipse Adoptium\jdk-17.0.18.8-hotspot\bin\nio.dll
0x00007fff60680000 - 0x00007fff60689000 	C:\Program Files\Eclipse Adoptium\jdk-17.0.18.8-hotspot\bin\extnet.dll
0x00007fff81940000 - 0x00007fff81a6a000 	C:\WINDOWS\SYSTEM32\DNSAPI.dll
0x00007fff817d0000 - 0x00007fff81803000 	C:\WINDOWS\SYSTEM32\IPHLPAPI.DLL
0x00007fff846a0000 - 0x00007fff846aa000 	C:\WINDOWS\System32\NSI.dll
0x00007fff79160000 - 0x00007fff7916b000 	C:\Windows\System32\rasadhlp.dll
0x00007fff78130000 - 0x00007fff781b6000 	C:\WINDOWS\System32\fwpuclnt.dll
0x00007fff5ff90000 - 0x00007fff5ff9a000 	C:\Program Files\Eclipse Adoptium\jdk-17.0.18.8-hotspot\bin\management.dll
0x00007fff5ff10000 - 0x00007fff5ff1c000 	C:\Program Files\Eclipse Adoptium\jdk-17.0.18.8-hotspot\bin\management_ext.dll
0x00007fff846b0000 - 0x00007fff846b8000 	C:\WINDOWS\System32\PSAPI.DLL
0x00007fff82750000 - 0x00007fff8276b000 	C:\WINDOWS\SYSTEM32\CRYPTSP.dll
0x00007fff81e30000 - 0x00007fff81e69000 	C:\WINDOWS\system32\rsaenh.dll
0x00007fff82510000 - 0x00007fff82542000 	C:\WINDOWS\SYSTEM32\USERENV.dll
0x00007fff83050000 - 0x00007fff8307a000 	C:\WINDOWS\SYSTEM32\bcrypt.dll
0x00007fff82740000 - 0x00007fff8274c000 	C:\WINDOWS\SYSTEM32\CRYPTBASE.dll
0x00007fff790f0000 - 0x00007fff7910d000 	C:\WINDOWS\SYSTEM32\dhcpcsvc6.DLL
0x00007fff79130000 - 0x00007fff79153000 	C:\WINDOWS\SYSTEM32\dhcpcsvc.DLL
0x00007fff62540000 - 0x00007fff62558000 	C:\WINDOWS\system32\napinsp.dll
0x00007fff62520000 - 0x00007fff62532000 	C:\WINDOWS\System32\winrnr.dll
0x00007fff624f0000 - 0x00007fff62512000 	C:\WINDOWS\system32\nlansp_c.dll
0x00007fff79350000 - 0x00007fff79366000 	C:\WINDOWS\system32\wshbth.dll
0x00007fff68f90000 - 0x00007fff68f9e000 	C:\Program Files\Eclipse Adoptium\jdk-17.0.18.8-hotspot\bin\sunmscapi.dll
0x00007fff83370000 - 0x00007fff834e7000 	C:\WINDOWS\System32\CRYPT32.dll
0x00007fff82960000 - 0x00007fff82990000 	C:\WINDOWS\SYSTEM32\ncrypt.dll
0x00007fff82910000 - 0x00007fff8294f000 	C:\WINDOWS\SYSTEM32\NTASN1.dll
0x00007fff5f3a0000 - 0x00007fff5f3b0000 	C:\Program Files\Eclipse Adoptium\jdk-17.0.18.8-hotspot\bin\verify.dll

dbghelp: loaded successfully - version: 4.0.5 - missing functions: none
symbol engine: initialized successfully - sym options: 0x614 - pdb path: .;C:\Program Files\Eclipse Adoptium\jdk-17.0.18.8-hotspot\bin;C:\WINDOWS\SYSTEM32;C:\WINDOWS\WinSxS\amd64_microsoft.windows.common-controls_6595b64144ccf1df_6.0.26100.8037_none_3e092faae333b53b;C:\Program Files\Eclipse Adoptium\jdk-17.0.18.8-hotspot\bin\server

VM Arguments:
jvm_args: -XX:TieredStopAtLevel=1 -Dspring.output.ansi.enabled=always -Dcom.sun.management.jmxremote -Dspring.jmx.enabled=true -Dspring.liveBeansView.mbeanDomain -Dspring.application.admin.enabled=true -Dmanagement.endpoints.jmx.exposure.include=* -javaagent:C:\Program Files\JetBrains\IntelliJ IDEA 2025.3.2\lib\idea_rt.jar=53358 -Dfile.encoding=UTF-8 
java_command: com.smartsure.policy_service.PolicyServiceApplication
java_class_path (initial): S:\SmartSureInsuranceManagementSystem\policy-service\target\classes;C:\Users\sarab\.m2\repository\org\springframework\boot\spring-boot-starter-data-redis\3.2.5\spring-boot-starter-data-redis-3.2.5.jar;C:\Users\sarab\.m2\repository\org\springframework\boot\spring-boot-starter\3.2.5\spring-boot-starter-3.2.5.jar;C:\Users\sarab\.m2\repository\org\springframework\boot\spring-boot\3.2.5\spring-boot-3.2.5.jar;C:\Users\sarab\.m2\repository\org\springframework\boot\spring-boot-autoconfigure\3.2.5\spring-boot-autoconfigure-3.2.5.jar;C:\Users\sarab\.m2\repository\org\springframework\boot\spring-boot-starter-logging\3.2.5\spring-boot-starter-logging-3.2.5.jar;C:\Users\sarab\.m2\repository\ch\qos\logback\logback-classic\1.4.14\logback-classic-1.4.14.jar;C:\Users\sarab\.m2\repository\ch\qos\logback\logback-core\1.4.14\logback-core-1.4.14.jar;C:\Users\sarab\.m2\repository\org\apache\logging\log4j\log4j-to-slf4j\2.21.1\log4j-to-slf4j-2.21.1.jar;C:\Users\sarab\.m2\repository\org\apache\logging\log4j\log4j-api\2.21.1\log4j-api-2.21.1.jar;C:\Users\sarab\.m2\repository\org\slf4j\jul-to-slf4j\2.0.13\jul-to-slf4j-2.0.13.jar;C:\Users\sarab\.m2\repository\jakarta\annotation\jakarta.annotation-api\2.1.1\jakarta.annotation-api-2.1.1.jar;C:\Users\sarab\.m2\repository\org\yaml\snakeyaml\2.2\snakeyaml-2.2.jar;C:\Users\sarab\.m2\repository\io\lettuce\lettuce-core\6.3.2.RELEASE\lettuce-core-6.3.2.RELEASE.jar;C:\Users\sarab\.m2\repository\io\netty\netty-common\4.1.109.Final\netty-common-4.1.109.Final.jar;C:\Users\sarab\.m2\repository\io\netty\netty-handler\4.1.109.Final\netty-handler-4.1.109.Final.jar;C:\Users\sarab\.m2\repository\io\netty\netty-resolver\4.1.109.Final\netty-resolver-4.1.109.Final.jar;C:\Users\sarab\.m2\repository\io\netty\netty-buffer\4.1.109.Final\netty-buffer-4.1.109.Final.jar;C:\Users\sarab\.m2\repository\io\netty\netty-transport-native-unix-common\4.1.109.Final\netty-transport-native-unix-common-4.1.109.Final.jar;C:\Users\sarab\.m2\repository\io\n
Launcher Type: SUN_STANDARD

[Global flags]
     intx CICompilerCount                          = 4                                         {product} {ergonomic}
     uint ConcGCThreads                            = 3                                         {product} {ergonomic}
     uint G1ConcRefinementThreads                  = 10                                        {product} {ergonomic}
   size_t G1HeapRegionSize                         = 1048576                                   {product} {ergonomic}
    uintx GCDrainStackTargetSize                   = 64                                        {product} {ergonomic}
   size_t InitialHeapSize                          = 123731968                                 {product} {ergonomic}
     bool ManagementServer                         = true                                      {product} {command line}
   size_t MarkStackSize                            = 4194304                                   {product} {ergonomic}
   size_t MaxHeapSize                              = 1973420032                                {product} {ergonomic}
   size_t MaxNewSize                               = 1183842304                                {product} {ergonomic}
   size_t MinHeapDeltaBytes                        = 1048576                                   {product} {ergonomic}
   size_t MinHeapSize                              = 8388608                                   {product} {ergonomic}
    uintx NonProfiledCodeHeapSize                  = 0                                      {pd product} {ergonomic}
     bool ProfileInterpreter                       = false                                  {pd product} {command line}
    uintx ProfiledCodeHeapSize                     = 0                                      {pd product} {ergonomic}
   size_t SoftMaxHeapSize                          = 1973420032                             {manageable} {ergonomic}
     intx TieredStopAtLevel                        = 1                                         {product} {command line}
     bool UseCompressedClassPointers               = true                           {product lp64_product} {ergonomic}
     bool UseCompressedOops                        = true                           {product lp64_product} {ergonomic}
     bool UseG1GC                                  = true                                      {product} {ergonomic}
     bool UseLargePagesIndividualAllocation        = false                                  {pd product} {ergonomic}

Logging:
Log output configuration:
 #0: stdout all=warning uptime,level,tags
 #1: stderr all=off uptime,level,tags

Environment Variables:
JAVA_HOME=D:\Java\jdk1.8.0_202
PATH=C:\Program Files\Eclipse Adoptium\jdk-17.0.18.8-hotspot\bin;D:\oracle\product\10.2.0\db_2\bin;D:\oracle\product\10.2.0\db_1\bin;C:\Program Files (x86)\Common Files\Oracle\Java\javapath;D:\Java\jdk1.8.0_202\bin;C:\Program Files\Git\cmd;C:\Program Files\Docker\Docker\resources\bin;C:\hadoopsetup\hadoop-3.4.1\bin;D:\Java\jdk1.8.0_202\bin;C:\hadoopsetup\hadoop-3.4.1\bin;C:\hadoopsetup\hadoop-3.4.1\sbin;C:\Windows\System32;C:\derby\db-derby-10.14.2.0-bin\bin;C:\hive\apache-hive-3.1.2-bin\bin;C:\hive\apache-hive-3.1.2-bin\lib;C:\hbase\hbase-1.4.9\bin;C:\pig\pig-0.17.0\bin;C:\Program Files\nodejs\;C:\WINDOWS\system32;C:\WINDOWS;C:\WINDOWS\System32\Wbem;C:\WINDOWS\System32\WindowsPowerShell\v1.0\;C:\WINDOWS\System32\OpenSSH\;C:\spark-3.5.6-bin-hadoop3\spark-3.5.6-bin-hadoop3\spark-3.5.6-bin-hadoop3\bin;C:\hadoopsetup\hadoop-3.4.1\bin\bin;%KAFKA_HOME%\bin;C:\Program Files\Amazon\AWSCLIV2\;C:\Program Files\Redis\;C:\Users\sarab\miniconda3;C:\Users\sarab\miniconda3\Library\mingw-w64\bin;C:\Users\sarab\miniconda3\Library\usr\bin;C:\Users\sarab\miniconda3\Library\bin;C:\Users\sarab\miniconda3\Scripts;C:\Users\sarab\AppData\Local\Programs\Python\Python313\Scripts\;C:\Users\sarab\AppData\Local\Programs\Python\Python313\;C:\Users\sarab\AppData\Local\Programs\Python\Python313\Scripts;C:\Users\sarab\AppData\Local\Programs\Microsoft VS Code\bin;C:\Users\sarab\AppData\Roaming\npm;%USERPROFILE%\AppData\Local\Microsoft\WindowsApps
USERNAME=sarab
OS=Windows_NT
PROCESSOR_IDENTIFIER=AMD64 Family 25 Model 80 Stepping 0, AuthenticAMD
TMP=C:\Users\sarab\AppData\Local\Temp
TEMP=C:\Users\sarab\AppData\Local\Temp



Periodic native trim disabled


---------------  S Y S T E M  ---------------

OS:
 Windows 11 , 64 bit Build 26100 (10.0.26100.7920)
OS uptime: 0 days 22:53 hours
Hyper-V role detected

CPU: total 12 (initial active 12) (12 cores per cpu, 2 threads per core) family 25 model 80 stepping 0 microcode 0xa50000d, cx8, cmov, fxsr, ht, mmx, 3dnowpref, sse, sse2, sse3, ssse3, sse4a, sse4.1, sse4.2, popcnt, lzcnt, tsc, tscinvbit, avx, avx2, aes, erms, clmul, bmi1, bmi2, adx, sha, fma, vzeroupper, clflush, clflushopt, hv
Processor Information for processor 0
  Max Mhz: 3301, Current Mhz: 3301, Mhz Limit: 3301
Processor Information for processor 1
  Max Mhz: 3301, Current Mhz: 2630, Mhz Limit: 3301
Processor Information for processor 2
  Max Mhz: 3301, Current Mhz: 2630, Mhz Limit: 3301
Processor Information for processor 3
  Max Mhz: 3301, Current Mhz: 2630, Mhz Limit: 3301
Processor Information for processor 4
  Max Mhz: 3301, Current Mhz: 2630, Mhz Limit: 3301
Processor Information for processor 5
  Max Mhz: 3301, Current Mhz: 2630, Mhz Limit: 3301
Processor Information for processor 6
  Max Mhz: 3301, Current Mhz: 2630, Mhz Limit: 3301
Processor Information for processor 7
  Max Mhz: 3301, Current Mhz: 2630, Mhz Limit: 3301
Processor Information for processor 8
  Max Mhz: 3301, Current Mhz: 2630, Mhz Limit: 3301
Processor Information for processor 9
  Max Mhz: 3301, Current Mhz: 3301, Mhz Limit: 3301
Processor Information for processor 10
  Max Mhz: 3301, Current Mhz: 2630, Mhz Limit: 3301
Processor Information for processor 11
  Max Mhz: 3301, Current Mhz: 2630, Mhz Limit: 3301

Memory: 4k page, system-wide physical 7521M (1116M free)
TotalPageFile size 26155M (AvailPageFile size 5M)
current process WorkingSet (physical memory assigned to process): 207M, peak: 241M
current process commit charge ("private bytes"): 332M, peak: 351M

vm_info: OpenJDK 64-Bit Server VM (17.0.18+8) for windows-amd64 JRE (17.0.18+8), built on Jan 20 2026 22:28:22 by "admin" with MS VC++ 17.12 (VS2022)

END.
